Populatia initiala
   1: 1110101010001001100110 x=1.748486 f=0.6912817111355598
   2: 0000000000100101110000 x=-0.998271 f=0.005182637774481469
   3: 0101100101101111000010 x=0.048052 f=2.045742809542657
   4: 0000011110010110000110 x=-0.911097 f=0.25880391107494227
   5: 0111001001011101100101 x=0.340222 f=2.2244708453237445
   6: 1001010011001110011110 x=0.743827 f=2.190548616190505
   7: 1101000010101100010100 x=1.445388 f=1.3562408109756654
   8: 1010100110110101111111 x=0.988800 f=2.0110747272615854
   9: 0100000011100110001110 x=-0.239461 f=1.7031973477327529
  10: 1000000100011000110001 x=0.512852 f=2.2498348141862126
  11: 0110001100101101111011 x=0.162258 f=2.1359306708017347
  12: 0000100000000111100011 x=-0.905904 f=0.2734340509537687
  13: 1100001100100101010011 x=1.286864 f=1.630845217976888
  14: 0100100110000110011001 x=-0.138379 f=1.8424719272100625
  15: 0001011111000000111110 x=-0.721635 f=0.7576075251155914
  16: 0100001000010110010001 x=-0.225543 f=1.7235879427108476
  17: 0000101101010010000110 x=-0.867335 f=0.380394009582687
  18: 0011010100000101001000 x=-0.378671 f=1.4779372597680382
  19: 1011000101100100101000 x=1.078826 f=1.9149608204062032
  20: 1111111101110010110011 x=1.993537 f=0.019348229351626944

Probabilitati selectie 
cromozom   1 probabilitate 0.025704993396385867
cromozom   2 probabilitate 0.00019271400880846077
cromozom   3 probabilitate 0.07607000816442233
cromozom   4 probabilitate 0.00962350474195558
cromozom   5 probabilitate 0.0827159282075767
cromozom   6 probabilitate 0.08145454567450168
cromozom   7 probabilitate 0.050431192563695715
cromozom   8 probabilitate 0.07478089142410464
cromozom   9 probabilitate 0.06333261226352187
cromozom  10 probabilitate 0.08365907575742998
cromozom  11 probabilitate 0.0794236024238315
cromozom  12 probabilitate 0.010167519783747548
cromozom  13 probabilitate 0.06064223150032495
cromozom  14 probabilitate 0.06851147362796872
cromozom  15 probabilitate 0.02817128837121748
cromozom  16 probabilitate 0.06409082718634879
cromozom  17 probabilitate 0.01414477679191812
cromozom  18 probabilitate 0.054956419200218314
cromozom  19 probabilitate 0.07120693987697053
cromozom  20 probabilitate 0.000719455035051261
Intervale probabilitati selectie 
0.0 0.0257 0.0259 0.10197 0.11159 0.19431 0.27576 0.32619 0.40097 0.46431 0.54797 0.62739 0.63756 0.6982 0.76671 0.79488 0.85897 0.87312 0.92807 0.99928 1 
u=0.16001  selectam cromozomul 5 
u=0.01645  selectam cromozomul 1 
u=0.22434  selectam cromozomul 6 
u=0.98579  selectam cromozomul 19 
u=0.06699  selectam cromozomul 3 
u=0.77386  selectam cromozomul 15 
u=0.67503  selectam cromozomul 13 
u=0.72466  selectam cromozomul 14 
u=0.99043  selectam cromozomul 19 
u=0.35683  selectam cromozomul 8 
u=0.76473  selectam cromozomul 14 
u=0.02732  selectam cromozomul 3 
u=0.51849  selectam cromozomul 10 
u=0.97369  selectam cromozomul 19 
u=0.21892  selectam cromozomul 6 
u=0.5161  selectam cromozomul 10 
u=0.48624  selectam cromozomul 10 
u=0.07294  selectam cromozomul 3 
u=0.97098  selectam cromozomul 19 

Dupa selectie:
   1: 0111001001011101100101 x=0.340222 f=2.2244708453237445
   2: 1110101010001001100110 x=1.748486 f=0.6912817111355598
   3: 1001010011001110011110 x=0.743827 f=2.190548616190505
   4: 1011000101100100101000 x=1.078826 f=1.9149608204062032
   5: 0101100101101111000010 x=0.048052 f=2.045742809542657
   6: 0001011111000000111110 x=-0.721635 f=0.7576075251155914
   7: 1100001100100101010011 x=1.286864 f=1.630845217976888
   8: 0100100110000110011001 x=-0.138379 f=1.8424719272100625
   9: 1011000101100100101000 x=1.078826 f=1.9149608204062032
  10: 1010100110110101111111 x=0.988800 f=2.0110747272615854
  11: 0100100110000110011001 x=-0.138379 f=1.8424719272100625
  12: 0101100101101111000010 x=0.048052 f=2.045742809542657
  13: 1000000100011000110001 x=0.512852 f=2.2498348141862126
  14: 1011000101100100101000 x=1.078826 f=1.9149608204062032
  15: 1001010011001110011110 x=0.743827 f=2.190548616190505
  16: 1000000100011000110001 x=0.512852 f=2.2498348141862126
  17: 1000000100011000110001 x=0.512852 f=2.2498348141862126
  18: 0101100101101111000010 x=0.048052 f=2.045742809542657
  19: 1011000101100100101000 x=1.078826 f=1.9149608204062032

Probabilitatea de incrucisare 0.25
1: 0111001001011101100101 u=0.87221 
2: 1110101010001001100110 u=0.38873 
3: 1001010011001110011110 u=0.26166 
4: 1011000101100100101000 u=0.76223 
5: 0101100101101111000010 u=0.61821 
6: 0001011111000000111110 u=0.01764<0.25 participa 
7: 1100001100100101010011 u=0.25739 
8: 0100100110000110011001 u=0.15589<0.25 participa 
9: 1011000101100100101000 u=0.76059 
10: 1010100110110101111111 u=0.70944 
11: 0100100110000110011001 u=0.78167 
12: 0101100101101111000010 u=0.08954<0.25 participa 
13: 1000000100011000110001 u=0.37732 
14: 1011000101100100101000 u=0.61271 
15: 1001010011001110011110 u=0.06838<0.25 participa 
16: 1000000100011000110001 u=0.73294 
17: 1000000100011000110001 u=0.94013 
18: 0101100101101111000010 u=0.33121 
19: 1011000101100100101000 u=0.03561<0.25 participa 
Recombinare dintre cromozomul 6 cu cromozomul 8:
0001011111000000111110 0100100110000110011001 punct  4
Rezultat    0001100110000110011001 0100011111000000111110
Recombinare dintre cromozomul 12 cu cromozomul 15:
0101100101101111000010 1001010011001110011110 punct  17
Rezultat    0101100101101111011110 1001010011001110000010
Dupa recombinare:
   1: 0111001001011101100101 x=0.340222 f=2.2244708453237445
   2: 1110101010001001100110 x=1.748486 f=0.6912817111355598
   3: 1001010011001110000010 x=0.743806 f=2.1905584577741593
   4: 1011000101100100101000 x=1.078826 f=1.9149608204062032
   5: 0101100101101111011110 x=0.048071 f=2.0457605264289214
   6: 0001100110000110011001 x=-0.700879 f=0.8078888218009865
   7: 1100001100100101010011 x=1.286864 f=1.630845217976888
   8: 0100011111000000111110 x=-0.159135 f=1.815540601395469
   9: 1011000101100100101000 x=1.078826 f=1.9149608204062032
  10: 1010100110110101111111 x=0.988800 f=2.0110747272615854
  11: 0100011111000000111110 x=-0.159135 f=1.815540601395469
  12: 0101100101101111011110 x=0.048071 f=2.0457605264289214
  13: 1000000100011000110001 x=0.512852 f=2.2498348141862126
  14: 1011000101100100101000 x=1.078826 f=1.9149608204062032
  15: 1001010011001110000010 x=0.743806 f=2.1905584577741593
  16: 1000000100011000110001 x=0.512852 f=2.2498348141862126
  17: 1000000100011000110001 x=0.512852 f=2.2498348141862126
  18: 0101100101101111011110 x=0.048071 f=2.0457605264289214
  19: 1011000101100100101000 x=1.078826 f=1.9149608204062032

Probabilitate de mutatie pentru fiecare gena 0.01
Au fost modificati cromozomii:
2
4
10
17
18
Dupa mutatie:
   1: 0111001001011101100101 x=0.340222 f=2.2244708453237445
   2: 1110101010001000100110 x=1.748440 f=0.6913969030899807
   3: 1001010011001110000010 x=0.743806 f=2.1905584577741593
   4: 1011000101100110101000 x=1.078917 f=1.9148556285035738
   5: 0111100101101111011110 x=0.423071 f=2.2440819881064726
   6: 0001100110000110011001 x=-0.700879 f=0.8078888218009865
   7: 1100001100100101010011 x=1.286864 f=1.630845217976888
   8: 0100011111000000111110 x=-0.159135 f=1.815540601395469
   9: 1011000101100110101000 x=1.078917 f=1.9148556285035738
  10: 1010100010110101111111 x=0.977081 f=2.02239411677823
  11: 0100011111000000111110 x=-0.159135 f=1.815540601395469
  12: 0111100101101111011110 x=0.423071 f=2.2440819881064726
  13: 1010000100011000110001 x=0.887852 f=2.0995704922765412
  14: 1011000101100110101000 x=1.078917 f=1.9148556285035738
  15: 1001010011001110000010 x=0.743806 f=2.1905584577741593
  16: 1010000100011000110001 x=0.887852 f=2.0995704922765412
  17: 1010000100011000110001 x=0.887852 f=2.0995704922765412
  18: 0111100101101111011110 x=0.423071 f=2.2440819881064726
  19: 1011000101100110101000 x=1.078917 f=1.9148556285035738
  20: 0100000011100110001110 x=-0.239461 f=1.7031973477327529

Evolutia maximului 
2.2440819881064726
2.22447072440076
2.096744927226382
2.09961875838394
1.9599080199177479
1.966296683225437
2.036339710539096
2.0363754155250717
2.036370126085785
2.036198845110846
2.0024513415768865
2.231940258012173
2.223149404512185
2.1351397805851207
2.193836429792782
2.185927879214205
2.1917224699245708
2.1920259694707056
2.180190185750689
2.182522810991941
2.18204036462339
2.193710924268089
2.1937977754532767
0.8372525601223515
2.0716507443319188
1.9836659636127933
1.2821630210016792
1.2821630210016792
1.1877357185219353
1.1880187794520225
1.220969411260512
1.313873219019797
1.3138829074986802
1.8410423139093268
0.38387872297147396
0.3838709063024339
0.36680735410612897
0.4932627132670291
0.5260911990098407
2.2417093929634007
2.2412755934992106
2.2417808768254304
1.178611952395329
1.0842000441156756
1.0070461174004208
1.388610272504991
1.3996211000161907
0.045852912852240024
0.004285200617005103
1.039706460318257
